commit e10842b202101cf768a081e17e87e6be002ebb83
Author: Raven Kopru <ravenkopru@gmail.com>
Date:   Wed Jul 21 16:49:17 2021 -0500

    i added a p tag

commit 53e8ede424f0e4400c59ad15d77d6bea708e317b
Author: Raven Kopru <ravenkopru@gmail.com>
Date:   Wed Jul 21 16:48:01 2021 -0500

    deleted then added bag the h tags

commit 906e2c6eb802b3cf5a7a0a25769c3def852c90ac
Author: Raven Kopru <ravenkopru@gmail.com>
Date:   Wed Jul 21 16:43:33 2021 -0500

    changed h1 to h2

commit f65c9f2f9c85a9f4352d0fd0d7b2f38c260695d2
Author: Raven Kopru <ravenkopru@gmail.com>
Date:   Wed Jul 21 16:42:25 2021 -0500

    i changed the h1 words

commit 42792c8a8fc532f1ddae088d72b852229f1ec933
Author: Raven Kopru <ravenkopru@gmail.com>
Date:   Wed Jul 21 16:37:20 2021 -0500

    I changed the title tags to updated html

commit 9b51bf976c1e6463f9276129b52be6203a027f87
Author: Raven Kopru <ravenkopru@gmail.com>
Date:   Wed Jul 21 16:35:49 2021 -0500

    added h1 to the index doc

commit 8c937bae8ee4677e68cdff3ad266226e63f27eb3
Author: Raven Kopru <ravenkopru@gmail.com>
Date:   Wed Jul 21 16:18:22 2021 -0500

    I opened a text editor and made changes to the index file

commit 04501e9e3d92117fcc06f14ea8bbf7a7459a2301
Author: ravenkop <86217377+ravenkop@users.noreply.github.com>
Date:   Wed Jul 21 15:39:13 2021 -0500

    Create README.md

commit d257d09271c87d24e44cfd56833d41c2055a07f1
Author: Raven Kopru <ravenkopru@gmail.com>
Date:   Wed Jul 21 15:08:54 2021 -0500

    made login form

commit 969fee1b5e3cf9ff9ac06d3eb9c9e230c37b87a0
Author: Raven Kopru <ravenkopru@gmail.com>
Date:   Wed Jul 21 15:07:26 2021 -0500

    another change

commit f5e7e551916b84836219d5aef49e3cabdcda27dd
Author: Raven Kopru <ravenkopru@gmail.com>
Date:   Wed Jul 21 15:01:35 2021 -0500

    changed app.js

commit 6cb307ec24a50bea5a93f555d021362883b044a4
Author: Raven Kopru <ravenkopru@gmail.com>
Date:   Wed Jul 21 14:59:35 2021 -0500

     Initial commit
